[debug] [2019-07-28T03:16:19.527Z] ----------------------------------------------------------------------
[debug] [2019-07-28T03:16:19.535Z] Command:       C:\Program Files\nodejs\node.exe C:\Users\jakem\AppData\Roaming\npm\node_modules\firebase-tools\lib\bin\firebase.js serve
[debug] [2019-07-28T03:16:19.536Z] CLI Version:   7.2.1
[debug] [2019-07-28T03:16:19.536Z] Platform:      win32
[debug] [2019-07-28T03:16:19.536Z] Node Version:  v11.9.0
[debug] [2019-07-28T03:16:19.539Z] Time:          Sat Jul 27 2019 20:16:19 GMT-0700 (Mountain Standard Time)
[debug] [2019-07-28T03:16:19.539Z] ----------------------------------------------------------------------
[debug] 
[debug] [2019-07-28T03:16:19.561Z] > command requires scopes: ["email","openid","https://www.googleapis.com/auth/cloudplatformprojects.readonly","https://www.googleapis.com/auth/firebase","https://www.googleapis.com/auth/cloud-platform"]
[debug] [2019-07-28T03:16:19.565Z] > authorizing via signed-in user
[debug] [2019-07-28T03:16:19.565Z] [iam] checking project get-a-life-c454d for permissions ["firebase.projects.get"]
[debug] [2019-07-28T03:16:19.570Z] > refreshing access token with scopes: ["email","https://www.googleapis.com/auth/cloud-platform","https://www.googleapis.com/auth/cloudplatformprojects.readonly","https://www.googleapis.com/auth/firebase","openid"]
[debug] [2019-07-28T03:16:19.571Z] >>> HTTP REQUEST POST https://www.googleapis.com/oauth2/v3/token  
 <request body omitted>
[debug] [2019-07-28T03:16:19.867Z] <<< HTTP RESPONSE 200
[debug] [2019-07-28T03:16:19.903Z] >>> HTTP REQUEST POST https://cloudresourcemanager.googleapis.com/v1/projects/get-a-life-c454d:testIamPermissions  

[debug] [2019-07-28T03:16:20.244Z] <<< HTTP RESPONSE 200
[debug] [2019-07-28T03:16:20.247Z] >>> HTTP REQUEST GET https://firebase.googleapis.com/v1beta1/projects/get-a-life-c454d  
 
[debug] [2019-07-28T03:16:20.496Z] <<< HTTP RESPONSE 200
[info] 
[info] === Serving from 'C:\Users\jakem\Desktop\CodingBootcamp\get-a-life'...
[info] 
[warn] !  Your requested "node" version "8" doesn't match your global version "11"
[debug] [2019-07-28T03:16:20.657Z] >>> HTTP REQUEST GET https://firebase.googleapis.com/v1beta1/projects/get-a-life-c454d/adminSdkConfig  
 
[debug] [2019-07-28T03:16:20.852Z] <<< HTTP RESPONSE 200
[info] +  functions: Emulator started at http://localhost:5000
[info] i  functions: Watching "C:\Users\jakem\Desktop\CodingBootcamp\get-a-life\functions" for Cloud Functions...
[debug] [2019-07-28T03:16:23.256Z] [runtime-status] Functions runtime initialized. {"cwd":"C:\\Users\\jakem\\Desktop\\CodingBootcamp\\get-a-life\\functions","node_version":"11.9.0"}
[debug] [2019-07-28T03:16:23.257Z] [runtime-status] Disabled runtime features: {"functions_config_helper":true,"network_filtering":true,"timeout":true,"memory_limiting":true,"protect_env":true,"admin_stubs":true} {}
[debug] [2019-07-28T03:16:23.272Z] [runtime-status] Resolved module firebase-admin {"declared":true,"installed":true,"version":"8.3.0","resolution":"C:\\Users\\jakem\\Desktop\\CodingBootcamp\\get-a-life\\functions\\node_modules\\firebase-admin\\lib\\index.js"}
[debug] [2019-07-28T03:16:23.280Z] [runtime-status] Resolved module firebase-functions {"declared":true,"installed":true,"version":"3.2.0","resolution":"C:\\Users\\jakem\\Desktop\\CodingBootcamp\\get-a-life\\functions\\node_modules\\firebase-functions\\lib\\index.js"}
[debug] [2019-07-28T03:16:23.284Z] [runtime-status] Resolved module firebase-functions {"declared":true,"installed":true,"version":"3.2.0","resolution":"C:\\Users\\jakem\\Desktop\\CodingBootcamp\\get-a-life\\functions\\node_modules\\firebase-functions\\lib\\index.js"}
